<?xml version="1.0" encoding="UTF-8"?>
<!-- Generated by org.testng.reporters.JUnitReportReporter -->
<testsuite hostname="Inges-MacBook-Pro.local" failures="0" tests="1" name="TestAutomation.TestBuyNow" time="4.532" errors="0" timestamp="15 May 2025 08:09:55 GMT">
  <testcase classname="TestAutomation.TestBuyNow" name="testBuyNowClick" time="4.532"/>
</testsuite> <!-- TestAutomation.TestBuyNow -->
